INFO net.schmizz.sshj.common.SecurityUtils [main] - BouncyCastle registration succeeded
ERROR net.schmizz.sshj.transport.verification.OpenSSHKnownHosts [main] - Error reading entry `|1|L3iNfaGJ7Kb2jQ7S1TyI/5AHwdY=|sVTlfo1Vje5q6i/sjxG2D2nzY30= ecdsa-sha2-nistp256 AAAAE2VjZHNhLXNoYTItbmlzdHAyNTYAAAAIbmlzdHAyNTYAAABBBAplXVM9LEEROlo9DJa6O9vZOaqNZ9Cvimc5m5gk6V6dcffPPjcL4OxJluSsvmImhkeM//knUSHijytWvVSlvmY=`, could not determine type
ERROR net.schmizz.sshj.transport.verification.OpenSSHKnownHosts [main] - Error reading entry `|1|L3iNfaGJ7Kb2jQ7S1TyI/5AHwdY=|sVTlfo1Vje5q6i/sjxG2D2nzY30= ecdsa-sha2-nistp256 AAAAE2VjZHNhLXNoYTItbmlzdHAyNTYAAAAIbmlzdHAyNTYAAABBBAplXVM9LEEROlo9DJa6O9vZOaqNZ9Cvimc5m5gk6V6dcffPPjcL4OxJluSsvmImhkeM//knUSHijytWvVSlvmY=`, could not determine type
ERROR net.schmizz.sshj.transport.verification.OpenSSHKnownHosts [main] - Error reading entry `|1|hHkD/Azj/axKNn7zhEqOgo6gGfA=|UOp33RWV08Ljc+yFrgUODYS/aEk= ecdsa-sha2-nistp256 AAAAE2VjZHNhLXNoYTItbmlzdHAyNTYAAAAIbmlzdHAyNTYAAABBBAplXVM9LEEROlo9DJa6O9vZOaqNZ9Cvimc5m5gk6V6dcffPPjcL4OxJluSsvmImhkeM//knUSHijytWvVSlvmY=`, could not determine type
ERROR net.schmizz.sshj.transport.verification.OpenSSHKnownHosts [main] - Error reading entry `|1|hHkD/Azj/axKNn7zhEqOgo6gGfA=|UOp33RWV08Ljc+yFrgUODYS/aEk= ecdsa-sha2-nistp256 AAAAE2VjZHNhLXNoYTItbmlzdHAyNTYAAAAIbmlzdHAyNTYAAABBBAplXVM9LEEROlo9DJa6O9vZOaqNZ9Cvimc5m5gk6V6dcffPPjcL4OxJluSsvmImhkeM//knUSHijytWvVSlvmY=`, could not determine type
ERROR net.schmizz.sshj.transport.verification.OpenSSHKnownHosts [main] - Error reading entry `|1|6R7dSXHZGmbOFYjWLkbqVTEEntw=|amlgHuDpbO5UMhukDlrwPtz3byM= ecdsa-sha2-nistp256 AAAAE2VjZHNhLXNoYTItbmlzdHAyNTYAAAAIbmlzdHAyNTYAAABBBLeADMU/wg1T5etdrwMN5HeQaOEG5/ME3q34PPqmXQgyUd0JZbapCzPPCc+PfYJNGIIKgMz336559UP3V7o3Ofk=`, could not determine type
ERROR net.schmizz.sshj.transport.verification.OpenSSHKnownHosts [main] - Error reading entry `|1|6R7dSXHZGmbOFYjWLkbqVTEEntw=|amlgHuDpbO5UMhukDlrwPtz3byM= ecdsa-sha2-nistp256 AAAAE2VjZHNhLXNoYTItbmlzdHAyNTYAAAAIbmlzdHAyNTYAAABBBLeADMU/wg1T5etdrwMN5HeQaOEG5/ME3q34PPqmXQgyUd0JZbapCzPPCc+PfYJNGIIKgMz336559UP3V7o3Ofk=`, could not determine type
ERROR net.schmizz.sshj.transport.verification.OpenSSHKnownHosts [main] - Error reading entry `|1|PhaTslj5kxw78J1eElbJuuSLL0s=|OQAML3hcm0dPJutMcG25aIVO+D8= ecdsa-sha2-nistp256 AAAAE2VjZHNhLXNoYTItbmlzdHAyNTYAAAAIbmlzdHAyNTYAAABBBLeADMU/wg1T5etdrwMN5HeQaOEG5/ME3q34PPqmXQgyUd0JZbapCzPPCc+PfYJNGIIKgMz336559UP3V7o3Ofk=`, could not determine type
ERROR net.schmizz.sshj.transport.verification.OpenSSHKnownHosts [main] - Error reading entry `|1|PhaTslj5kxw78J1eElbJuuSLL0s=|OQAML3hcm0dPJutMcG25aIVO+D8= ecdsa-sha2-nistp256 AAAAE2VjZHNhLXNoYTItbmlzdHAyNTYAAAAIbmlzdHAyNTYAAABBBLeADMU/wg1T5etdrwMN5HeQaOEG5/ME3q34PPqmXQgyUd0JZbapCzPPCc+PfYJNGIIKgMz336559UP3V7o3Ofk=`, could not determine type
ERROR net.schmizz.sshj.transport.verification.OpenSSHKnownHosts [main] - Error reading entry `|1|iLHEbdpd2USoMlR+MyYnsdCa1Vs=|cwARMxG/hyJqsrGx4ST01nEqu6I= ecdsa-sha2-nistp256 AAAAE2VjZHNhLXNoYTItbmlzdHAyNTYAAAAIbmlzdHAyNTYAAABBBEy21DcpfgrvZatTdA6N05XYQyick8jAxRoCjHDcN/RRf543hn2ekKM2CkJknuz1RmS57C29GFea/ORfN/sHkTE=`, could not determine type
ERROR net.schmizz.sshj.transport.verification.OpenSSHKnownHosts [main] - Error reading entry `|1|iLHEbdpd2USoMlR+MyYnsdCa1Vs=|cwARMxG/hyJqsrGx4ST01nEqu6I= ecdsa-sha2-nistp256 AAAAE2VjZHNhLXNoYTItbmlzdHAyNTYAAAAIbmlzdHAyNTYAAABBBEy21DcpfgrvZatTdA6N05XYQyick8jAxRoCjHDcN/RRf543hn2ekKM2CkJknuz1RmS57C29GFea/ORfN/sHkTE=`, could not determine type
INFO net.schmizz.sshj.transport.TransportImpl [main] - Client identity string: SSH-2.0-SSHJ_0_8_1_SNAPSHOT
INFO net.schmizz.sshj.transport.TransportImpl [main] - Server identity string: SSH-2.0-OpenSSH_6.0p1 Debian-3ubuntu1
INFO net.schmizz.sshj.connection.channel.direct.SessionChannel [main] - Will request to exec `git clone git://github.com/narkisr/cap-demo.git /tmp/cap-demo`
ERROR net.schmizz.sshj.transport.verification.OpenSSHKnownHosts [main] - Error reading entry `|1|L3iNfaGJ7Kb2jQ7S1TyI/5AHwdY=|sVTlfo1Vje5q6i/sjxG2D2nzY30= ecdsa-sha2-nistp256 AAAAE2VjZHNhLXNoYTItbmlzdHAyNTYAAAAIbmlzdHAyNTYAAABBBAplXVM9LEEROlo9DJa6O9vZOaqNZ9Cvimc5m5gk6V6dcffPPjcL4OxJluSsvmImhkeM//knUSHijytWvVSlvmY=`, could not determine type
ERROR net.schmizz.sshj.transport.verification.OpenSSHKnownHosts [main] - Error reading entry `|1|L3iNfaGJ7Kb2jQ7S1TyI/5AHwdY=|sVTlfo1Vje5q6i/sjxG2D2nzY30= ecdsa-sha2-nistp256 AAAAE2VjZHNhLXNoYTItbmlzdHAyNTYAAAAIbmlzdHAyNTYAAABBBAplXVM9LEEROlo9DJa6O9vZOaqNZ9Cvimc5m5gk6V6dcffPPjcL4OxJluSsvmImhkeM//knUSHijytWvVSlvmY=`, could not determine type
ERROR net.schmizz.sshj.transport.verification.OpenSSHKnownHosts [main] - Error reading entry `|1|hHkD/Azj/axKNn7zhEqOgo6gGfA=|UOp33RWV08Ljc+yFrgUODYS/aEk= ecdsa-sha2-nistp256 AAAAE2VjZHNhLXNoYTItbmlzdHAyNTYAAAAIbmlzdHAyNTYAAABBBAplXVM9LEEROlo9DJa6O9vZOaqNZ9Cvimc5m5gk6V6dcffPPjcL4OxJluSsvmImhkeM//knUSHijytWvVSlvmY=`, could not determine type
ERROR net.schmizz.sshj.transport.verification.OpenSSHKnownHosts [main] - Error reading entry `|1|hHkD/Azj/axKNn7zhEqOgo6gGfA=|UOp33RWV08Ljc+yFrgUODYS/aEk= ecdsa-sha2-nistp256 AAAAE2VjZHNhLXNoYTItbmlzdHAyNTYAAAAIbmlzdHAyNTYAAABBBAplXVM9LEEROlo9DJa6O9vZOaqNZ9Cvimc5m5gk6V6dcffPPjcL4OxJluSsvmImhkeM//knUSHijytWvVSlvmY=`, could not determine type
ERROR net.schmizz.sshj.transport.verification.OpenSSHKnownHosts [main] - Error reading entry `|1|6R7dSXHZGmbOFYjWLkbqVTEEntw=|amlgHuDpbO5UMhukDlrwPtz3byM= ecdsa-sha2-nistp256 AAAAE2VjZHNhLXNoYTItbmlzdHAyNTYAAAAIbmlzdHAyNTYAAABBBLeADMU/wg1T5etdrwMN5HeQaOEG5/ME3q34PPqmXQgyUd0JZbapCzPPCc+PfYJNGIIKgMz336559UP3V7o3Ofk=`, could not determine type
ERROR net.schmizz.sshj.transport.verification.OpenSSHKnownHosts [main] - Error reading entry `|1|6R7dSXHZGmbOFYjWLkbqVTEEntw=|amlgHuDpbO5UMhukDlrwPtz3byM= ecdsa-sha2-nistp256 AAAAE2VjZHNhLXNoYTItbmlzdHAyNTYAAAAIbmlzdHAyNTYAAABBBLeADMU/wg1T5etdrwMN5HeQaOEG5/ME3q34PPqmXQgyUd0JZbapCzPPCc+PfYJNGIIKgMz336559UP3V7o3Ofk=`, could not determine type
ERROR net.schmizz.sshj.transport.verification.OpenSSHKnownHosts [main] - Error reading entry `|1|PhaTslj5kxw78J1eElbJuuSLL0s=|OQAML3hcm0dPJutMcG25aIVO+D8= ecdsa-sha2-nistp256 AAAAE2VjZHNhLXNoYTItbmlzdHAyNTYAAAAIbmlzdHAyNTYAAABBBLeADMU/wg1T5etdrwMN5HeQaOEG5/ME3q34PPqmXQgyUd0JZbapCzPPCc+PfYJNGIIKgMz336559UP3V7o3Ofk=`, could not determine type
ERROR net.schmizz.sshj.transport.verification.OpenSSHKnownHosts [main] - Error reading entry `|1|PhaTslj5kxw78J1eElbJuuSLL0s=|OQAML3hcm0dPJutMcG25aIVO+D8= ecdsa-sha2-nistp256 AAAAE2VjZHNhLXNoYTItbmlzdHAyNTYAAAAIbmlzdHAyNTYAAABBBLeADMU/wg1T5etdrwMN5HeQaOEG5/ME3q34PPqmXQgyUd0JZbapCzPPCc+PfYJNGIIKgMz336559UP3V7o3Ofk=`, could not determine type
ERROR net.schmizz.sshj.transport.verification.OpenSSHKnownHosts [main] - Error reading entry `|1|iLHEbdpd2USoMlR+MyYnsdCa1Vs=|cwARMxG/hyJqsrGx4ST01nEqu6I= ecdsa-sha2-nistp256 AAAAE2VjZHNhLXNoYTItbmlzdHAyNTYAAAAIbmlzdHAyNTYAAABBBEy21DcpfgrvZatTdA6N05XYQyick8jAxRoCjHDcN/RRf543hn2ekKM2CkJknuz1RmS57C29GFea/ORfN/sHkTE=`, could not determine type
ERROR net.schmizz.sshj.transport.verification.OpenSSHKnownHosts [main] - Error reading entry `|1|iLHEbdpd2USoMlR+MyYnsdCa1Vs=|cwARMxG/hyJqsrGx4ST01nEqu6I= ecdsa-sha2-nistp256 AAAAE2VjZHNhLXNoYTItbmlzdHAyNTYAAAAIbmlzdHAyNTYAAABBBEy21DcpfgrvZatTdA6N05XYQyick8jAxRoCjHDcN/RRf543hn2ekKM2CkJknuz1RmS57C29GFea/ORfN/sHkTE=`, could not determine type
INFO net.schmizz.sshj.transport.TransportImpl [main] - Client identity string: SSH-2.0-SSHJ_0_8_1_SNAPSHOT
INFO net.schmizz.sshj.transport.TransportImpl [main] - Server identity string: SSH-2.0-OpenSSH_6.0p1 Debian-3ubuntu1
INFO net.schmizz.sshj.connection.channel.direct.SessionChannel [main] - Will request to exec `rm -rf /tmp/cap-demo`
ERROR net.schmizz.sshj.transport.verification.OpenSSHKnownHosts [main] - Error reading entry `|1|L3iNfaGJ7Kb2jQ7S1TyI/5AHwdY=|sVTlfo1Vje5q6i/sjxG2D2nzY30= ecdsa-sha2-nistp256 AAAAE2VjZHNhLXNoYTItbmlzdHAyNTYAAAAIbmlzdHAyNTYAAABBBAplXVM9LEEROlo9DJa6O9vZOaqNZ9Cvimc5m5gk6V6dcffPPjcL4OxJluSsvmImhkeM//knUSHijytWvVSlvmY=`, could not determine type
ERROR net.schmizz.sshj.transport.verification.OpenSSHKnownHosts [main] - Error reading entry `|1|L3iNfaGJ7Kb2jQ7S1TyI/5AHwdY=|sVTlfo1Vje5q6i/sjxG2D2nzY30= ecdsa-sha2-nistp256 AAAAE2VjZHNhLXNoYTItbmlzdHAyNTYAAAAIbmlzdHAyNTYAAABBBAplXVM9LEEROlo9DJa6O9vZOaqNZ9Cvimc5m5gk6V6dcffPPjcL4OxJluSsvmImhkeM//knUSHijytWvVSlvmY=`, could not determine type
ERROR net.schmizz.sshj.transport.verification.OpenSSHKnownHosts [main] - Error reading entry `|1|hHkD/Azj/axKNn7zhEqOgo6gGfA=|UOp33RWV08Ljc+yFrgUODYS/aEk= ecdsa-sha2-nistp256 AAAAE2VjZHNhLXNoYTItbmlzdHAyNTYAAAAIbmlzdHAyNTYAAABBBAplXVM9LEEROlo9DJa6O9vZOaqNZ9Cvimc5m5gk6V6dcffPPjcL4OxJluSsvmImhkeM//knUSHijytWvVSlvmY=`, could not determine type
ERROR net.schmizz.sshj.transport.verification.OpenSSHKnownHosts [main] - Error reading entry `|1|hHkD/Azj/axKNn7zhEqOgo6gGfA=|UOp33RWV08Ljc+yFrgUODYS/aEk= ecdsa-sha2-nistp256 AAAAE2VjZHNhLXNoYTItbmlzdHAyNTYAAAAIbmlzdHAyNTYAAABBBAplXVM9LEEROlo9DJa6O9vZOaqNZ9Cvimc5m5gk6V6dcffPPjcL4OxJluSsvmImhkeM//knUSHijytWvVSlvmY=`, could not determine type
ERROR net.schmizz.sshj.transport.verification.OpenSSHKnownHosts [main] - Error reading entry `|1|6R7dSXHZGmbOFYjWLkbqVTEEntw=|amlgHuDpbO5UMhukDlrwPtz3byM= ecdsa-sha2-nistp256 AAAAE2VjZHNhLXNoYTItbmlzdHAyNTYAAAAIbmlzdHAyNTYAAABBBLeADMU/wg1T5etdrwMN5HeQaOEG5/ME3q34PPqmXQgyUd0JZbapCzPPCc+PfYJNGIIKgMz336559UP3V7o3Ofk=`, could not determine type
ERROR net.schmizz.sshj.transport.verification.OpenSSHKnownHosts [main] - Error reading entry `|1|6R7dSXHZGmbOFYjWLkbqVTEEntw=|amlgHuDpbO5UMhukDlrwPtz3byM= ecdsa-sha2-nistp256 AAAAE2VjZHNhLXNoYTItbmlzdHAyNTYAAAAIbmlzdHAyNTYAAABBBLeADMU/wg1T5etdrwMN5HeQaOEG5/ME3q34PPqmXQgyUd0JZbapCzPPCc+PfYJNGIIKgMz336559UP3V7o3Ofk=`, could not determine type
ERROR net.schmizz.sshj.transport.verification.OpenSSHKnownHosts [main] - Error reading entry `|1|PhaTslj5kxw78J1eElbJuuSLL0s=|OQAML3hcm0dPJutMcG25aIVO+D8= ecdsa-sha2-nistp256 AAAAE2VjZHNhLXNoYTItbmlzdHAyNTYAAAAIbmlzdHAyNTYAAABBBLeADMU/wg1T5etdrwMN5HeQaOEG5/ME3q34PPqmXQgyUd0JZbapCzPPCc+PfYJNGIIKgMz336559UP3V7o3Ofk=`, could not determine type
ERROR net.schmizz.sshj.transport.verification.OpenSSHKnownHosts [main] - Error reading entry `|1|PhaTslj5kxw78J1eElbJuuSLL0s=|OQAML3hcm0dPJutMcG25aIVO+D8= ecdsa-sha2-nistp256 AAAAE2VjZHNhLXNoYTItbmlzdHAyNTYAAAAIbmlzdHAyNTYAAABBBLeADMU/wg1T5etdrwMN5HeQaOEG5/ME3q34PPqmXQgyUd0JZbapCzPPCc+PfYJNGIIKgMz336559UP3V7o3Ofk=`, could not determine type
ERROR net.schmizz.sshj.transport.verification.OpenSSHKnownHosts [main] - Error reading entry `|1|iLHEbdpd2USoMlR+MyYnsdCa1Vs=|cwARMxG/hyJqsrGx4ST01nEqu6I= ecdsa-sha2-nistp256 AAAAE2VjZHNhLXNoYTItbmlzdHAyNTYAAAAIbmlzdHAyNTYAAABBBEy21DcpfgrvZatTdA6N05XYQyick8jAxRoCjHDcN/RRf543hn2ekKM2CkJknuz1RmS57C29GFea/ORfN/sHkTE=`, could not determine type
ERROR net.schmizz.sshj.transport.verification.OpenSSHKnownHosts [main] - Error reading entry `|1|iLHEbdpd2USoMlR+MyYnsdCa1Vs=|cwARMxG/hyJqsrGx4ST01nEqu6I= ecdsa-sha2-nistp256 AAAAE2VjZHNhLXNoYTItbmlzdHAyNTYAAAAIbmlzdHAyNTYAAABBBEy21DcpfgrvZatTdA6N05XYQyick8jAxRoCjHDcN/RRf543hn2ekKM2CkJknuz1RmS57C29GFea/ORfN/sHkTE=`, could not determine type
INFO net.schmizz.sshj.transport.TransportImpl [main] - Client identity string: SSH-2.0-SSHJ_0_8_1_SNAPSHOT
INFO net.schmizz.sshj.transport.TransportImpl [main] - Server identity string: SSH-2.0-OpenSSH_6.0p1 Debian-3ubuntu1
INFO net.schmizz.sshj.connection.channel.direct.SessionChannel [main] - Will request to exec `wget -O /tmp/redis-sandbox-0.3.4.tar.gz http://dl.bintray.com/content/narkisr/boxes/redis-sandbox-0.3.4.tar.gz http://dl.bintray.com/content/narkisr/boxes/redis-sandbox-0.3.4.tar.gz`
ERROR net.schmizz.sshj.transport.verification.OpenSSHKnownHosts [main] - Error reading entry `|1|L3iNfaGJ7Kb2jQ7S1TyI/5AHwdY=|sVTlfo1Vje5q6i/sjxG2D2nzY30= ecdsa-sha2-nistp256 AAAAE2VjZHNhLXNoYTItbmlzdHAyNTYAAAAIbmlzdHAyNTYAAABBBAplXVM9LEEROlo9DJa6O9vZOaqNZ9Cvimc5m5gk6V6dcffPPjcL4OxJluSsvmImhkeM//knUSHijytWvVSlvmY=`, could not determine type
ERROR net.schmizz.sshj.transport.verification.OpenSSHKnownHosts [main] - Error reading entry `|1|L3iNfaGJ7Kb2jQ7S1TyI/5AHwdY=|sVTlfo1Vje5q6i/sjxG2D2nzY30= ecdsa-sha2-nistp256 AAAAE2VjZHNhLXNoYTItbmlzdHAyNTYAAAAIbmlzdHAyNTYAAABBBAplXVM9LEEROlo9DJa6O9vZOaqNZ9Cvimc5m5gk6V6dcffPPjcL4OxJluSsvmImhkeM//knUSHijytWvVSlvmY=`, could not determine type
ERROR net.schmizz.sshj.transport.verification.OpenSSHKnownHosts [main] - Error reading entry `|1|hHkD/Azj/axKNn7zhEqOgo6gGfA=|UOp33RWV08Ljc+yFrgUODYS/aEk= ecdsa-sha2-nistp256 AAAAE2VjZHNhLXNoYTItbmlzdHAyNTYAAAAIbmlzdHAyNTYAAABBBAplXVM9LEEROlo9DJa6O9vZOaqNZ9Cvimc5m5gk6V6dcffPPjcL4OxJluSsvmImhkeM//knUSHijytWvVSlvmY=`, could not determine type
ERROR net.schmizz.sshj.transport.verification.OpenSSHKnownHosts [main] - Error reading entry `|1|hHkD/Azj/axKNn7zhEqOgo6gGfA=|UOp33RWV08Ljc+yFrgUODYS/aEk= ecdsa-sha2-nistp256 AAAAE2VjZHNhLXNoYTItbmlzdHAyNTYAAAAIbmlzdHAyNTYAAABBBAplXVM9LEEROlo9DJa6O9vZOaqNZ9Cvimc5m5gk6V6dcffPPjcL4OxJluSsvmImhkeM//knUSHijytWvVSlvmY=`, could not determine type
ERROR net.schmizz.sshj.transport.verification.OpenSSHKnownHosts [main] - Error reading entry `|1|6R7dSXHZGmbOFYjWLkbqVTEEntw=|amlgHuDpbO5UMhukDlrwPtz3byM= ecdsa-sha2-nistp256 AAAAE2VjZHNhLXNoYTItbmlzdHAyNTYAAAAIbmlzdHAyNTYAAABBBLeADMU/wg1T5etdrwMN5HeQaOEG5/ME3q34PPqmXQgyUd0JZbapCzPPCc+PfYJNGIIKgMz336559UP3V7o3Ofk=`, could not determine type
ERROR net.schmizz.sshj.transport.verification.OpenSSHKnownHosts [main] - Error reading entry `|1|6R7dSXHZGmbOFYjWLkbqVTEEntw=|amlgHuDpbO5UMhukDlrwPtz3byM= ecdsa-sha2-nistp256 AAAAE2VjZHNhLXNoYTItbmlzdHAyNTYAAAAIbmlzdHAyNTYAAABBBLeADMU/wg1T5etdrwMN5HeQaOEG5/ME3q34PPqmXQgyUd0JZbapCzPPCc+PfYJNGIIKgMz336559UP3V7o3Ofk=`, could not determine type
ERROR net.schmizz.sshj.transport.verification.OpenSSHKnownHosts [main] - Error reading entry `|1|PhaTslj5kxw78J1eElbJuuSLL0s=|OQAML3hcm0dPJutMcG25aIVO+D8= ecdsa-sha2-nistp256 AAAAE2VjZHNhLXNoYTItbmlzdHAyNTYAAAAIbmlzdHAyNTYAAABBBLeADMU/wg1T5etdrwMN5HeQaOEG5/ME3q34PPqmXQgyUd0JZbapCzPPCc+PfYJNGIIKgMz336559UP3V7o3Ofk=`, could not determine type
ERROR net.schmizz.sshj.transport.verification.OpenSSHKnownHosts [main] - Error reading entry `|1|PhaTslj5kxw78J1eElbJuuSLL0s=|OQAML3hcm0dPJutMcG25aIVO+D8= ecdsa-sha2-nistp256 AAAAE2VjZHNhLXNoYTItbmlzdHAyNTYAAAAIbmlzdHAyNTYAAABBBLeADMU/wg1T5etdrwMN5HeQaOEG5/ME3q34PPqmXQgyUd0JZbapCzPPCc+PfYJNGIIKgMz336559UP3V7o3Ofk=`, could not determine type
ERROR net.schmizz.sshj.transport.verification.OpenSSHKnownHosts [main] - Error reading entry `|1|iLHEbdpd2USoMlR+MyYnsdCa1Vs=|cwARMxG/hyJqsrGx4ST01nEqu6I= ecdsa-sha2-nistp256 AAAAE2VjZHNhLXNoYTItbmlzdHAyNTYAAAAIbmlzdHAyNTYAAABBBEy21DcpfgrvZatTdA6N05XYQyick8jAxRoCjHDcN/RRf543hn2ekKM2CkJknuz1RmS57C29GFea/ORfN/sHkTE=`, could not determine type
ERROR net.schmizz.sshj.transport.verification.OpenSSHKnownHosts [main] - Error reading entry `|1|iLHEbdpd2USoMlR+MyYnsdCa1Vs=|cwARMxG/hyJqsrGx4ST01nEqu6I= ecdsa-sha2-nistp256 AAAAE2VjZHNhLXNoYTItbmlzdHAyNTYAAAAIbmlzdHAyNTYAAABBBEy21DcpfgrvZatTdA6N05XYQyick8jAxRoCjHDcN/RRf543hn2ekKM2CkJknuz1RmS57C29GFea/ORfN/sHkTE=`, could not determine type
INFO net.schmizz.sshj.transport.TransportImpl [main] - Client identity string: SSH-2.0-SSHJ_0_8_1_SNAPSHOT
INFO net.schmizz.sshj.transport.TransportImpl [main] - Server identity string: SSH-2.0-OpenSSH_6.0p1 Debian-3ubuntu1
INFO net.schmizz.sshj.connection.channel.direct.SessionChannel [main] - Will request to exec `rm /tmp/redis-sandbox-0.3.4.tar.gz`
ERROR net.schmizz.sshj.transport.verification.OpenSSHKnownHosts [main] - Error reading entry `|1|L3iNfaGJ7Kb2jQ7S1TyI/5AHwdY=|sVTlfo1Vje5q6i/sjxG2D2nzY30= ecdsa-sha2-nistp256 AAAAE2VjZHNhLXNoYTItbmlzdHAyNTYAAAAIbmlzdHAyNTYAAABBBAplXVM9LEEROlo9DJa6O9vZOaqNZ9Cvimc5m5gk6V6dcffPPjcL4OxJluSsvmImhkeM//knUSHijytWvVSlvmY=`, could not determine type
ERROR net.schmizz.sshj.transport.verification.OpenSSHKnownHosts [main] - Error reading entry `|1|L3iNfaGJ7Kb2jQ7S1TyI/5AHwdY=|sVTlfo1Vje5q6i/sjxG2D2nzY30= ecdsa-sha2-nistp256 AAAAE2VjZHNhLXNoYTItbmlzdHAyNTYAAAAIbmlzdHAyNTYAAABBBAplXVM9LEEROlo9DJa6O9vZOaqNZ9Cvimc5m5gk6V6dcffPPjcL4OxJluSsvmImhkeM//knUSHijytWvVSlvmY=`, could not determine type
ERROR net.schmizz.sshj.transport.verification.OpenSSHKnownHosts [main] - Error reading entry `|1|hHkD/Azj/axKNn7zhEqOgo6gGfA=|UOp33RWV08Ljc+yFrgUODYS/aEk= ecdsa-sha2-nistp256 AAAAE2VjZHNhLXNoYTItbmlzdHAyNTYAAAAIbmlzdHAyNTYAAABBBAplXVM9LEEROlo9DJa6O9vZOaqNZ9Cvimc5m5gk6V6dcffPPjcL4OxJluSsvmImhkeM//knUSHijytWvVSlvmY=`, could not determine type
ERROR net.schmizz.sshj.transport.verification.OpenSSHKnownHosts [main] - Error reading entry `|1|hHkD/Azj/axKNn7zhEqOgo6gGfA=|UOp33RWV08Ljc+yFrgUODYS/aEk= ecdsa-sha2-nistp256 AAAAE2VjZHNhLXNoYTItbmlzdHAyNTYAAAAIbmlzdHAyNTYAAABBBAplXVM9LEEROlo9DJa6O9vZOaqNZ9Cvimc5m5gk6V6dcffPPjcL4OxJluSsvmImhkeM//knUSHijytWvVSlvmY=`, could not determine type
ERROR net.schmizz.sshj.transport.verification.OpenSSHKnownHosts [main] - Error reading entry `|1|6R7dSXHZGmbOFYjWLkbqVTEEntw=|amlgHuDpbO5UMhukDlrwPtz3byM= ecdsa-sha2-nistp256 AAAAE2VjZHNhLXNoYTItbmlzdHAyNTYAAAAIbmlzdHAyNTYAAABBBLeADMU/wg1T5etdrwMN5HeQaOEG5/ME3q34PPqmXQgyUd0JZbapCzPPCc+PfYJNGIIKgMz336559UP3V7o3Ofk=`, could not determine type
ERROR net.schmizz.sshj.transport.verification.OpenSSHKnownHosts [main] - Error reading entry `|1|6R7dSXHZGmbOFYjWLkbqVTEEntw=|amlgHuDpbO5UMhukDlrwPtz3byM= ecdsa-sha2-nistp256 AAAAE2VjZHNhLXNoYTItbmlzdHAyNTYAAAAIbmlzdHAyNTYAAABBBLeADMU/wg1T5etdrwMN5HeQaOEG5/ME3q34PPqmXQgyUd0JZbapCzPPCc+PfYJNGIIKgMz336559UP3V7o3Ofk=`, could not determine type
ERROR net.schmizz.sshj.transport.verification.OpenSSHKnownHosts [main] - Error reading entry `|1|PhaTslj5kxw78J1eElbJuuSLL0s=|OQAML3hcm0dPJutMcG25aIVO+D8= ecdsa-sha2-nistp256 AAAAE2VjZHNhLXNoYTItbmlzdHAyNTYAAAAIbmlzdHAyNTYAAABBBLeADMU/wg1T5etdrwMN5HeQaOEG5/ME3q34PPqmXQgyUd0JZbapCzPPCc+PfYJNGIIKgMz336559UP3V7o3Ofk=`, could not determine type
ERROR net.schmizz.sshj.transport.verification.OpenSSHKnownHosts [main] - Error reading entry `|1|PhaTslj5kxw78J1eElbJuuSLL0s=|OQAML3hcm0dPJutMcG25aIVO+D8= ecdsa-sha2-nistp256 AAAAE2VjZHNhLXNoYTItbmlzdHAyNTYAAAAIbmlzdHAyNTYAAABBBLeADMU/wg1T5etdrwMN5HeQaOEG5/ME3q34PPqmXQgyUd0JZbapCzPPCc+PfYJNGIIKgMz336559UP3V7o3Ofk=`, could not determine type
ERROR net.schmizz.sshj.transport.verification.OpenSSHKnownHosts [main] - Error reading entry `|1|iLHEbdpd2USoMlR+MyYnsdCa1Vs=|cwARMxG/hyJqsrGx4ST01nEqu6I= ecdsa-sha2-nistp256 AAAAE2VjZHNhLXNoYTItbmlzdHAyNTYAAAAIbmlzdHAyNTYAAABBBEy21DcpfgrvZatTdA6N05XYQyick8jAxRoCjHDcN/RRf543hn2ekKM2CkJknuz1RmS57C29GFea/ORfN/sHkTE=`, could not determine type
ERROR net.schmizz.sshj.transport.verification.OpenSSHKnownHosts [main] - Error reading entry `|1|iLHEbdpd2USoMlR+MyYnsdCa1Vs=|cwARMxG/hyJqsrGx4ST01nEqu6I= ecdsa-sha2-nistp256 AAAAE2VjZHNhLXNoYTItbmlzdHAyNTYAAAAIbmlzdHAyNTYAAABBBEy21DcpfgrvZatTdA6N05XYQyick8jAxRoCjHDcN/RRf543hn2ekKM2CkJknuz1RmS57C29GFea/ORfN/sHkTE=`, could not determine type
INFO net.schmizz.sshj.transport.TransportImpl [main] - Client identity string: SSH-2.0-SSHJ_0_8_1_SNAPSHOT
INFO net.schmizz.sshj.transport.TransportImpl [main] - Server identity string: SSH-2.0-OpenSSH_6.0p1 Debian-3ubuntu1
INFO net.schmizz.sshj.connection.channel.direct.SessionChannel [main] - Will request to exec `scp -t -r -p '/tmp'`
ERROR net.schmizz.sshj.transport.verification.OpenSSHKnownHosts [main] - Error reading entry `|1|L3iNfaGJ7Kb2jQ7S1TyI/5AHwdY=|sVTlfo1Vje5q6i/sjxG2D2nzY30= ecdsa-sha2-nistp256 AAAAE2VjZHNhLXNoYTItbmlzdHAyNTYAAAAIbmlzdHAyNTYAAABBBAplXVM9LEEROlo9DJa6O9vZOaqNZ9Cvimc5m5gk6V6dcffPPjcL4OxJluSsvmImhkeM//knUSHijytWvVSlvmY=`, could not determine type
ERROR net.schmizz.sshj.transport.verification.OpenSSHKnownHosts [main] - Error reading entry `|1|L3iNfaGJ7Kb2jQ7S1TyI/5AHwdY=|sVTlfo1Vje5q6i/sjxG2D2nzY30= ecdsa-sha2-nistp256 AAAAE2VjZHNhLXNoYTItbmlzdHAyNTYAAAAIbmlzdHAyNTYAAABBBAplXVM9LEEROlo9DJa6O9vZOaqNZ9Cvimc5m5gk6V6dcffPPjcL4OxJluSsvmImhkeM//knUSHijytWvVSlvmY=`, could not determine type
ERROR net.schmizz.sshj.transport.verification.OpenSSHKnownHosts [main] - Error reading entry `|1|hHkD/Azj/axKNn7zhEqOgo6gGfA=|UOp33RWV08Ljc+yFrgUODYS/aEk= ecdsa-sha2-nistp256 AAAAE2VjZHNhLXNoYTItbmlzdHAyNTYAAAAIbmlzdHAyNTYAAABBBAplXVM9LEEROlo9DJa6O9vZOaqNZ9Cvimc5m5gk6V6dcffPPjcL4OxJluSsvmImhkeM//knUSHijytWvVSlvmY=`, could not determine type
ERROR net.schmizz.sshj.transport.verification.OpenSSHKnownHosts [main] - Error reading entry `|1|hHkD/Azj/axKNn7zhEqOgo6gGfA=|UOp33RWV08Ljc+yFrgUODYS/aEk= ecdsa-sha2-nistp256 AAAAE2VjZHNhLXNoYTItbmlzdHAyNTYAAAAIbmlzdHAyNTYAAABBBAplXVM9LEEROlo9DJa6O9vZOaqNZ9Cvimc5m5gk6V6dcffPPjcL4OxJluSsvmImhkeM//knUSHijytWvVSlvmY=`, could not determine type
ERROR net.schmizz.sshj.transport.verification.OpenSSHKnownHosts [main] - Error reading entry `|1|6R7dSXHZGmbOFYjWLkbqVTEEntw=|amlgHuDpbO5UMhukDlrwPtz3byM= ecdsa-sha2-nistp256 AAAAE2VjZHNhLXNoYTItbmlzdHAyNTYAAAAIbmlzdHAyNTYAAABBBLeADMU/wg1T5etdrwMN5HeQaOEG5/ME3q34PPqmXQgyUd0JZbapCzPPCc+PfYJNGIIKgMz336559UP3V7o3Ofk=`, could not determine type
ERROR net.schmizz.sshj.transport.verification.OpenSSHKnownHosts [main] - Error reading entry `|1|6R7dSXHZGmbOFYjWLkbqVTEEntw=|amlgHuDpbO5UMhukDlrwPtz3byM= ecdsa-sha2-nistp256 AAAAE2VjZHNhLXNoYTItbmlzdHAyNTYAAAAIbmlzdHAyNTYAAABBBLeADMU/wg1T5etdrwMN5HeQaOEG5/ME3q34PPqmXQgyUd0JZbapCzPPCc+PfYJNGIIKgMz336559UP3V7o3Ofk=`, could not determine type
ERROR net.schmizz.sshj.transport.verification.OpenSSHKnownHosts [main] - Error reading entry `|1|PhaTslj5kxw78J1eElbJuuSLL0s=|OQAML3hcm0dPJutMcG25aIVO+D8= ecdsa-sha2-nistp256 AAAAE2VjZHNhLXNoYTItbmlzdHAyNTYAAAAIbmlzdHAyNTYAAABBBLeADMU/wg1T5etdrwMN5HeQaOEG5/ME3q34PPqmXQgyUd0JZbapCzPPCc+PfYJNGIIKgMz336559UP3V7o3Ofk=`, could not determine type
ERROR net.schmizz.sshj.transport.verification.OpenSSHKnownHosts [main] - Error reading entry `|1|PhaTslj5kxw78J1eElbJuuSLL0s=|OQAML3hcm0dPJutMcG25aIVO+D8= ecdsa-sha2-nistp256 AAAAE2VjZHNhLXNoYTItbmlzdHAyNTYAAAAIbmlzdHAyNTYAAABBBLeADMU/wg1T5etdrwMN5HeQaOEG5/ME3q34PPqmXQgyUd0JZbapCzPPCc+PfYJNGIIKgMz336559UP3V7o3Ofk=`, could not determine type
ERROR net.schmizz.sshj.transport.verification.OpenSSHKnownHosts [main] - Error reading entry `|1|iLHEbdpd2USoMlR+MyYnsdCa1Vs=|cwARMxG/hyJqsrGx4ST01nEqu6I= ecdsa-sha2-nistp256 AAAAE2VjZHNhLXNoYTItbmlzdHAyNTYAAAAIbmlzdHAyNTYAAABBBEy21DcpfgrvZatTdA6N05XYQyick8jAxRoCjHDcN/RRf543hn2ekKM2CkJknuz1RmS57C29GFea/ORfN/sHkTE=`, could not determine type
ERROR net.schmizz.sshj.transport.verification.OpenSSHKnownHosts [main] - Error reading entry `|1|iLHEbdpd2USoMlR+MyYnsdCa1Vs=|cwARMxG/hyJqsrGx4ST01nEqu6I= ecdsa-sha2-nistp256 AAAAE2VjZHNhLXNoYTItbmlzdHAyNTYAAAAIbmlzdHAyNTYAAABBBEy21DcpfgrvZatTdA6N05XYQyick8jAxRoCjHDcN/RRf543hn2ekKM2CkJknuz1RmS57C29GFea/ORfN/sHkTE=`, could not determine type
INFO net.schmizz.sshj.transport.TransportImpl [main] - Client identity string: SSH-2.0-SSHJ_0_8_1_SNAPSHOT
INFO net.schmizz.sshj.transport.TransportImpl [main] - Server identity string: SSH-2.0-OpenSSH_6.0p1 Debian-3ubuntu1
INFO net.schmizz.sshj.connection.channel.direct.SessionChannel [main] - Will request to exec `rm /tmp/project.clj`
